0 info it worked if it ends with ok
1 verbose cli [ 'C:\\Program Files\\nodejs\\node.exe',
1 verbose cli   'C:\\Program Files\\nodejs\\node_modules\\npm\\bin\\npm-cli.js',
1 verbose cli   'run',
1 verbose cli   'test' ]
2 info using npm@3.3.12
3 info using node@v5.2.0
4 verbose run-script [ 'pretest', 'test', 'posttest' ]
5 info lifecycle App@1.0.0~pretest: App@1.0.0
6 silly lifecycle App@1.0.0~pretest: no script for pretest, continuing
7 info lifecycle App@1.0.0~test: App@1.0.0
8 verbose lifecycle App@1.0.0~test: unsafe-perm in lifecycle true
9 verbose lifecycle App@1.0.0~test: PATH: C:\Program Files\nodejs\node_modules\npm\bin\node-gyp-bin;D:\Projects\Other\AngularES6WebpackStarter\node_modules\.bin;C:\Program Files\ConEmuPack.150716;C:\Program Files\ConEmuPack.150716\ConEmu;C:\Program Files (x86)\Python_2.7.10\;C:\Program Files (x86)\Python_2.7.10\Scripts;C:\ProgramData\Oracle\Java\javapath;C:\Program Files (x86)\Intel\iCLS Client\;C:\Program Files\Intel\iCLS Client\;C:\Windows\system32;C:\Windows;C:\Windows\System32\Wbem;C:\Windows\System32\WindowsPowerShell\v1.0\;C:\Program Files\Intel\Intel(R) Management Engine Components\DAL;C:\Program Files\Intel\Intel(R) Management Engine Components\IPT;C:\Program Files (x86)\Intel\Intel(R) Management Engine Components\DAL;C:\Program Files (x86)\Intel\Intel(R) Management Engine Components\IPT;C:\Program Files (x86)\Git\cmd;C:\Program Files\TortoiseSVN\bin;C:\Program Files (x86)\Microsoft SQL Server\Client SDK\ODBC\110\Tools\Binn\;C:\Program Files (x86)\Microsoft SQL Server\130\Tools\Binn\ManagementStudio\;C:\Program Files (x86)\Microsoft SQL Server\130\Tools\Binn\;C:\Program Files (x86)\Microsoft SQL Server\130\DTS\Binn\;C:\Program Files (x86)\Windows Kits\8.1\Windows Performance Toolkit\;C:\Program Files\Microsoft SQL Server\120\Tools\Binn\;C:\Program Files\nodejs\;C:\Program Files (x86)\Livestreamer;C:\Users\pavell\AppData\Local\Android\apache-ant-1.9.6\bin;C:\Users\pavell\AppData\Local\Android\android-sdk\platform-tools;C:\Program Files\Java\jdk1.8.0_51\bin;C:\Program Files (x86)\Python_2.7.10;C:\Projects\Other;C:\Program Files\Microsoft SDKs\Windows\v7.1\Bin;C:\Program Files\MongoDB\Server\3.2\bin;C:\Users\pavell\AppData\Roaming\npm
10 verbose lifecycle App@1.0.0~test: CWD: D:\Projects\Other\AngularES6WebpackStarter
11 silly lifecycle App@1.0.0~test: Args: [ '/d /s /c', 'karma start' ]
12 silly lifecycle App@1.0.0~test: Returned: code: 1  signal: null
13 info lifecycle App@1.0.0~test: Failed to exec test script
14 verbose stack Error: App@1.0.0 test: `karma start`
14 verbose stack Exit status 1
14 verbose stack     at EventEmitter.<anonymous> (C:\Program Files\nodejs\node_modules\npm\lib\utils\lifecycle.js:232:16)
14 verbose stack     at emitTwo (events.js:88:13)
14 verbose stack     at EventEmitter.emit (events.js:173:7)
14 verbose stack     at ChildProcess.<anonymous> (C:\Program Files\nodejs\node_modules\npm\lib\utils\spawn.js:24:14)
14 verbose stack     at emitTwo (events.js:88:13)
14 verbose stack     at ChildProcess.emit (events.js:173:7)
14 verbose stack     at maybeClose (internal/child_process.js:819:16)
14 verbose stack     at Process.ChildProcess._handle.onexit (internal/child_process.js:212:5)
15 verbose pkgid App@1.0.0
16 verbose cwd D:\Projects\Other\AngularES6WebpackStarter
17 error Windows_NT 6.1.7601
18 error argv "C:\\Program Files\\nodejs\\node.exe" "C:\\Program Files\\nodejs\\node_modules\\npm\\bin\\npm-cli.js" "run" "test"
19 error node v5.2.0
20 error npm  v3.3.12
21 error code ELIFECYCLE
22 error App@1.0.0 test: `karma start`
22 error Exit status 1
23 error Failed at the App@1.0.0 test script 'karma start'.
23 error Make sure you have the latest version of node.js and npm installed.
23 error If you do, this is most likely a problem with the App package,
23 error not with npm itself.
23 error Tell the author that this fails on your system:
23 error     karma start
23 error You can get their info via:
23 error     npm owner ls App
23 error There is likely additional logging output above.
24 verbose exit [ 1, true ]
